This file contains any messages produced by compilers while
running configure, to aid debugging if configure makes a mistake.

It was created by configure, which was
generated by GNU Autoconf 2.63.  Invocation command line was

  $ ./configure 

## --------- ##
## Platform. ##
## --------- ##

hostname = einstein
uname -m = i686
uname -r = 3.2.0-4-686-pae
uname -s = Linux
uname -v = #1 SMP Debian 3.2.54-2

/usr/bin/uname -p = unknown
/bin/uname -X     = unknown

/bin/arch              = unknown
/usr/bin/arch -k       = unknown
/usr/convex/getsysinfo = unknown
/usr/bin/hostinfo      = unknown
/bin/machine           = unknown
/usr/bin/oslevel       = unknown
/bin/universe          = unknown

PATH: /usr/local/bin
PATH: /usr/bin
PATH: /bin
PATH: /usr/games
PATH: /home/henhir/system/execute/
PATH: /home/henhir/system/execute/
PATH: /home/henhir/system/execute/
PATH: /home/henry/system/execute/
PATH: /home/henry/system/bin/dart-sdk/bin/


## ----------- ##
## Core tests. ##
## ----------- ##

configure:1904: checking build system type
configure:1922: result: i686-pc-linux-gnu
configure:1944: checking host system type
configure:1959: result: i686-pc-linux-gnu
configure:1981: checking target system type
configure:1996: result: i686-pc-linux-gnu
configure:2027: checking your key
configure:2039: checking release type
configure:2070: result: unstable
configure:2094: checking for a BSD-compatible install
configure:2162: result: /usr/bin/install -c
configure:2235: checking for gcc
configure:2251: found /usr/bin/gcc
configure:2262: result: gcc
configure:2494: checking for C compiler version
configure:2502: gcc --version >&5
gcc (Debian 4.7.2-5) 4.7.2
Copyright (C) 2012 Free Software Foundation, Inc.
This is free software; see the source for copying conditions.  There is NO
warranty; not even for MERCHANTABILITY or FITNESS FOR A PARTICULAR PURPOSE.

configure:2506: $? = 0
configure:2513: gcc -v >&5
Using built-in specs.
COLLECT_GCC=gcc
COLLECT_LTO_WRAPPER=/usr/lib/gcc/i486-linux-gnu/4.7/lto-wrapper
Target: i486-linux-gnu
Configured with: ../src/configure -v --with-pkgversion='Debian 4.7.2-5' --with-bugurl=file:///usr/share/doc/gcc-4.7/README.Bugs --enable-languages=c,c++,go,fortran,objc,obj-c++ --prefix=/usr --program-suffix=-4.7 --enable-shared --enable-linker-build-id --with-system-zlib --libexecdir=/usr/lib --without-included-gettext --enable-threads=posix --with-gxx-include-dir=/usr/include/c++/4.7 --libdir=/usr/lib --enable-nls --with-sysroot=/ --enable-clocale=gnu --enable-libstdcxx-debug --enable-libstdcxx-time=yes --enable-gnu-unique-object --enable-plugin --enable-objc-gc --enable-targets=all --with-arch-32=i586 --with-tune=generic --enable-checking=release --build=i486-linux-gnu --host=i486-linux-gnu --target=i486-linux-gnu
Thread model: posix
gcc version 4.7.2 (Debian 4.7.2-5) 
configure:2517: $? = 0
configure:2524: gcc -V >&5
gcc: error: unrecognized command line option '-V'
gcc: fatal error: no input files
compilation terminated.
configure:2528: $? = 4
configure:2551: checking for C compiler default output file name
configure:2573: gcc    conftest.c  >&5
configure:2577: $? = 0
configure:2615: result: a.out
configure:2634: checking whether the C compiler works
configure:2644: ./a.out
configure:2648: $? = 0
configure:2667: result: yes
configure:2674: checking whether we are cross compiling
configure:2676: result: no
configure:2679: checking for suffix of executables
configure:2686: gcc -o conftest    conftest.c  >&5
configure:2690: $? = 0
configure:2716: result: 
configure:2722: checking for suffix of object files
configure:2748: gcc -c   conftest.c >&5
configure:2752: $? = 0
configure:2777: result: o
configure:2781: checking whether we are using the GNU C compiler
configure:2810: gcc -c   conftest.c >&5
configure:2817: $? = 0
configure:2834: result: yes
configure:2843: checking whether gcc accepts -g
configure:2873: gcc -c -g  conftest.c >&5
configure:2880: $? = 0
configure:2981: result: yes
configure:2998: checking for gcc option to accept ISO C89
configure:3072: gcc  -c -g -O2  conftest.c >&5
configure:3079: $? = 0
configure:3102: result: none needed
configure:3125: checking how to run the C preprocessor
configure:3165: gcc -E  conftest.c
configure:3172: $? = 0
configure:3203: gcc -E  conftest.c
conftest.c:8:28: fatal error: ac_nonexistent.h: No such file or directory
compilation terminated.
configure:3210: $? = 1
configure: failed program was:
| /* confdefs.h.  */
| #define PACKAGE_NAME ""
| #define PACKAGE_TARNAME ""
| #define PACKAGE_VERSION ""
| #define PACKAGE_STRING ""
| #define PACKAGE_BUGREPORT ""
| /* end confdefs.h.  */
| #include <ac_nonexistent.h>
configure:3243: result: gcc -E
configure:3272: gcc -E  conftest.c
configure:3279: $? = 0
configure:3310: gcc -E  conftest.c
conftest.c:8:28: fatal error: ac_nonexistent.h: No such file or directory
compilation terminated.
configure:3317: $? = 1
configure: failed program was:
| /* confdefs.h.  */
| #define PACKAGE_NAME ""
| #define PACKAGE_TARNAME ""
| #define PACKAGE_VERSION ""
| #define PACKAGE_STRING ""
| #define PACKAGE_BUGREPORT ""
| /* end confdefs.h.  */
| #include <ac_nonexistent.h>
configure:3356: checking whether ln -s works
configure:3360: result: yes
configure:3370: checking for grep that handles long lines and -e
configure:3430: result: /bin/grep
configure:3435: checking for egrep
configure:3499: result: /bin/grep -E
configure:3504: checking for ANSI C header files
configure:3534: gcc -c -g -O2  conftest.c >&5
configure:3541: $? = 0
configure:3640: gcc -o conftest -g -O2   conftest.c  >&5
configure:3644: $? = 0
configure:3650: ./conftest
configure:3654: $? = 0
configure:3672: result: yes
configure:3696: checking for sys/types.h
configure:3717: gcc -c -g -O2  conftest.c >&5
configure:3724: $? = 0
configure:3741: result: yes
configure:3696: checking for sys/stat.h
configure:3717: gcc -c -g -O2  conftest.c >&5
configure:3724: $? = 0
configure:3741: result: yes
configure:3696: checking for stdlib.h
configure:3717: gcc -c -g -O2  conftest.c >&5
configure:3724: $? = 0
configure:3741: result: yes
configure:3696: checking for string.h
configure:3717: gcc -c -g -O2  conftest.c >&5
configure:3724: $? = 0
configure:3741: result: yes
configure:3696: checking for memory.h
configure:3717: gcc -c -g -O2  conftest.c >&5
configure:3724: $? = 0
configure:3741: result: yes
configure:3696: checking for strings.h
configure:3717: gcc -c -g -O2  conftest.c >&5
configure:3724: $? = 0
configure:3741: result: yes
configure:3696: checking for inttypes.h
configure:3717: gcc -c -g -O2  conftest.c >&5
configure:3724: $? = 0
configure:3741: result: yes
configure:3696: checking for stdint.h
configure:3717: gcc -c -g -O2  conftest.c >&5
configure:3724: $? = 0
configure:3741: result: yes
configure:3696: checking for unistd.h
configure:3717: gcc -c -g -O2  conftest.c >&5
configure:3724: $? = 0
configure:3741: result: yes
configure:3766: checking minix/config.h usability
configure:3783: gcc -c -g -O2  conftest.c >&5
conftest.c:51:26: fatal error: minix/config.h: No such file or directory
compilation terminated.
configure:3790: $? = 1
configure: failed program was:
| /* confdefs.h.  */
| #define PACKAGE_NAME ""
| #define PACKAGE_TARNAME ""
| #define PACKAGE_VERSION ""
| #define PACKAGE_STRING ""
| #define PACKAGE_BUGREPORT ""
| #define STDC_HEADERS 1
| #define HAVE_SYS_TYPES_H 1
| #define HAVE_SYS_STAT_H 1
| #define HAVE_STDLIB_H 1
| #define HAVE_STRING_H 1
| #define HAVE_MEMORY_H 1
| #define HAVE_STRINGS_H 1
| #define HAVE_INTTYPES_H 1
| #define HAVE_STDINT_H 1
| #define HAVE_UNISTD_H 1
| /* end confdefs.h.  */
| #include <stdio.h>
| #ifdef HAVE_SYS_TYPES_H
| # include <sys/types.h>
| #endif
| #ifdef HAVE_SYS_STAT_H
| # include <sys/stat.h>
| #endif
| #ifdef STDC_HEADERS
| # include <stdlib.h>
| # include <stddef.h>
| #else
| # ifdef HAVE_STDLIB_H
| #  include <stdlib.h>
| # endif
| #endif
| #ifdef HAVE_STRING_H
| # if !defined STDC_HEADERS && defined HAVE_MEMORY_H
| #  include <memory.h>
| # endif
| # include <string.h>
| #endif
| #ifdef HAVE_STRINGS_H
| # include <strings.h>
| #endif
| #ifdef HAVE_INTTYPES_H
| # include <inttypes.h>
| #endif
| #ifdef HAVE_STDINT_H
| # include <stdint.h>
| #endif
| #ifdef HAVE_UNISTD_H
| # include <unistd.h>
| #endif
| #include <minix/config.h>
configure:3804: result: no
configure:3808: checking minix/config.h presence
configure:3823: gcc -E  conftest.c
conftest.c:18:26: fatal error: minix/config.h: No such file or directory
compilation terminated.
configure:3830: $? = 1
configure: failed program was:
| /* confdefs.h.  */
| #define PACKAGE_NAME ""
| #define PACKAGE_TARNAME ""
| #define PACKAGE_VERSION ""
| #define PACKAGE_STRING ""
| #define PACKAGE_BUGREPORT ""
| #define STDC_HEADERS 1
| #define HAVE_SYS_TYPES_H 1
| #define HAVE_SYS_STAT_H 1
| #define HAVE_STDLIB_H 1
| #define HAVE_STRING_H 1
| #define HAVE_MEMORY_H 1
| #define HAVE_STRINGS_H 1
| #define HAVE_INTTYPES_H 1
| #define HAVE_STDINT_H 1
| #define HAVE_UNISTD_H 1
| /* end confdefs.h.  */
| #include <minix/config.h>
configure:3844: result: no
configure:3872: checking for minix/config.h
configure:3879: result: no
configure:3910: checking whether it is safe to define __EXTENSIONS__
configure:3938: gcc -c -g -O2  conftest.c >&5
configure:3945: $? = 0
configure:3960: result: yes
configure:3985: checking for inline
configure:4011: gcc -c -g -O2  conftest.c >&5
configure:4018: $? = 0
configure:4036: result: inline
configure:4066: checking if fd_set requires sys/select.h
configure:4089: gcc -c -g -O2  conftest.c >&5
configure:4096: $? = 0
configure:4101: result: no
configure:4141: checking for ANSI C header files
configure:4309: result: yes
configure:4327: checking for unistd.h
configure:4334: result: yes
configure:4327: checking for memory.h
configure:4334: result: yes
configure:4338: checking math.h usability
configure:4355: gcc -c -g -O2  conftest.c >&5
configure:4362: $? = 0
configure:4376: result: yes
configure:4380: checking math.h presence
configure:4395: gcc -E  conftest.c
configure:4402: $? = 0
configure:4416: result: yes
configure:4444: checking for math.h
configure:4453: result: yes
configure:4327: checking for stdlib.h
configure:4334: result: yes
configure:4487: checking sys/timeb.h usability
configure:4504: gcc -c -g -O2  conftest.c >&5
configure:4511: $? = 0
configure:4525: result: yes
configure:4529: checking sys/timeb.h presence
configure:4544: gcc -E  conftest.c
configure:4551: $? = 0
configure:4565: result: yes
configure:4593: checking for sys/timeb.h
configure:4602: result: yes
configure:4487: checking sys/ptyio.h usability
configure:4504: gcc -c -g -O2  conftest.c >&5
conftest.c:62:23: fatal error: sys/ptyio.h: No such file or directory
compilation terminated.
configure:4511: $? = 1
configure: failed program was:
| /* confdefs.h.  */
| #define PACKAGE_NAME ""
| #define PACKAGE_TARNAME ""
| #define PACKAGE_VERSION ""
| #define PACKAGE_STRING ""
| #define PACKAGE_BUGREPORT ""
| #define STDC_HEADERS 1
| #define HAVE_SYS_TYPES_H 1
| #define HAVE_SYS_STAT_H 1
| #define HAVE_STDLIB_H 1
| #define HAVE_STRING_H 1
| #define HAVE_MEMORY_H 1
| #define HAVE_STRINGS_H 1
| #define HAVE_INTTYPES_H 1
| #define HAVE_STDINT_H 1
| #define HAVE_UNISTD_H 1
| #define __EXTENSIONS__ 1
| #define _ALL_SOURCE 1
| #define _GNU_SOURCE 1
| #define _POSIX_PTHREAD_SEMANTICS 1
| #define _TANDEM_SOURCE 1
| #define STDC_HEADERS 1
| #define HAVE_UNISTD_H 1
| #define HAVE_MEMORY_H 1
| #define HAVE_MATH_H 1
| #define HAVE_STDLIB_H 1
| #define HAVE_SYS_TIMEB_H 1
| /* end confdefs.h.  */
| #include <stdio.h>
| #ifdef HAVE_SYS_TYPES_H
| # include <sys/types.h>
| #endif
| #ifdef HAVE_SYS_STAT_H
| # include <sys/stat.h>
| #endif
| #ifdef STDC_HEADERS
| # include <stdlib.h>
| # include <stddef.h>
| #else
| # ifdef HAVE_STDLIB_H
| #  include <stdlib.h>
| # endif
| #endif
| #ifdef HAVE_STRING_H
| # if !defined STDC_HEADERS && defined HAVE_MEMORY_H
| #  include <memory.h>
| # endif
| # include <string.h>
| #endif
| #ifdef HAVE_STRINGS_H
| # include <strings.h>
| #endif
| #ifdef HAVE_INTTYPES_H
| # include <inttypes.h>
| #endif
| #ifdef HAVE_STDINT_H
| # include <stdint.h>
| #endif
| #ifdef HAVE_UNISTD_H
| # include <unistd.h>
| #endif
| #include <sys/ptyio.h>
configure:4525: result: no
configure:4529: checking sys/ptyio.h presence
configure:4544: gcc -E  conftest.c
conftest.c:29:23: fatal error: sys/ptyio.h: No such file or directory
compilation terminated.
configure:4551: $? = 1
configure: failed program was:
| /* confdefs.h.  */
| #define PACKAGE_NAME ""
| #define PACKAGE_TARNAME ""
| #define PACKAGE_VERSION ""
| #define PACKAGE_STRING ""
| #define PACKAGE_BUGREPORT ""
| #define STDC_HEADERS 1
| #define HAVE_SYS_TYPES_H 1
| #define HAVE_SYS_STAT_H 1
| #define HAVE_STDLIB_H 1
| #define HAVE_STRING_H 1
| #define HAVE_MEMORY_H 1
| #define HAVE_STRINGS_H 1
| #define HAVE_INTTYPES_H 1
| #define HAVE_STDINT_H 1
| #define HAVE_UNISTD_H 1
| #define __EXTENSIONS__ 1
| #define _ALL_SOURCE 1
| #define _GNU_SOURCE 1
| #define _POSIX_PTHREAD_SEMANTICS 1
| #define _TANDEM_SOURCE 1
| #define STDC_HEADERS 1
| #define HAVE_UNISTD_H 1
| #define HAVE_MEMORY_H 1
| #define HAVE_MATH_H 1
| #define HAVE_STDLIB_H 1
| #define HAVE_SYS_TIMEB_H 1
| /* end confdefs.h.  */
| #include <sys/ptyio.h>
configure:4565: result: no
configure:4593: checking for sys/ptyio.h
configure:4602: result: no
configure:4487: checking sys/fcntl.h usability
configure:4504: gcc -c -g -O2  conftest.c >&5
configure:4511: $? = 0
configure:4525: result: yes
configure:4529: checking sys/fcntl.h presence
configure:4544: gcc -E  conftest.c
configure:4551: $? = 0
configure:4565: result: yes
configure:4593: checking for sys/fcntl.h
configure:4602: result: yes
configure:4487: checking fcntl.h usability
configure:4504: gcc -c -g -O2  conftest.c >&5
configure:4511: $? = 0
configure:4525: result: yes
configure:4529: checking fcntl.h presence
configure:4544: gcc -E  conftest.c
configure:4551: $? = 0
configure:4565: result: yes
configure:4593: checking for fcntl.h
configure:4602: result: yes
configure:4635: checking ctype.h usability
configure:4652: gcc -c -g -O2  conftest.c >&5
configure:4659: $? = 0
configure:4673: result: yes
configure:4677: checking ctype.h presence
configure:4692: gcc -E  conftest.c
configure:4699: $? = 0
configure:4713: result: yes
configure:4741: checking for ctype.h
configure:4750: result: yes
configure:4635: checking machine/endian.h usability
configure:4652: gcc -c -g -O2  conftest.c >&5
conftest.c:65:28: fatal error: machine/endian.h: No such file or directory
compilation terminated.
configure:4659: $? = 1
configure: failed program was:
| /* confdefs.h.  */
| #define PACKAGE_NAME ""
| #define PACKAGE_TARNAME ""
| #define PACKAGE_VERSION ""
| #define PACKAGE_STRING ""
| #define PACKAGE_BUGREPORT ""
| #define STDC_HEADERS 1
| #define HAVE_SYS_TYPES_H 1
| #define HAVE_SYS_STAT_H 1
| #define HAVE_STDLIB_H 1
| #define HAVE_STRING_H 1
| #define HAVE_MEMORY_H 1
| #define HAVE_STRINGS_H 1
| #define HAVE_INTTYPES_H 1
| #define HAVE_STDINT_H 1
| #define HAVE_UNISTD_H 1
| #define __EXTENSIONS__ 1
| #define _ALL_SOURCE 1
| #define _GNU_SOURCE 1
| #define _POSIX_PTHREAD_SEMANTICS 1
| #define _TANDEM_SOURCE 1
| #define STDC_HEADERS 1
| #define HAVE_UNISTD_H 1
| #define HAVE_MEMORY_H 1
| #define HAVE_MATH_H 1
| #define HAVE_STDLIB_H 1
| #define HAVE_SYS_TIMEB_H 1
| #define HAVE_SYS_FCNTL_H 1
| #define HAVE_FCNTL_H 1
| #define HAVE_CTYPE_H 1
| /* end confdefs.h.  */
| #include <stdio.h>
| #ifdef HAVE_SYS_TYPES_H
| # include <sys/types.h>
| #endif
| #ifdef HAVE_SYS_STAT_H
| # include <sys/stat.h>
| #endif
| #ifdef STDC_HEADERS
| # include <stdlib.h>
| # include <stddef.h>
| #else
| # ifdef HAVE_STDLIB_H
| #  include <stdlib.h>
| # endif
| #endif
| #ifdef HAVE_STRING_H
| # if !defined STDC_HEADERS && defined HAVE_MEMORY_H
| #  include <memory.h>
| # endif
| # include <string.h>
| #endif
| #ifdef HAVE_STRINGS_H
| # include <strings.h>
| #endif
| #ifdef HAVE_INTTYPES_H
| # include <inttypes.h>
| #endif
| #ifdef HAVE_STDINT_H
| # include <stdint.h>
| #endif
| #ifdef HAVE_UNISTD_H
| # include <unistd.h>
| #endif
| #include <machine/endian.h>
configure:4673: result: no
configure:4677: checking machine/endian.h presence
configure:4692: gcc -E  conftest.c
conftest.c:32:28: fatal error: machine/endian.h: No such file or directory
compilation terminated.
configure:4699: $? = 1
configure: failed program was:
| /* confdefs.h.  */
| #define PACKAGE_NAME ""
| #define PACKAGE_TARNAME ""
| #define PACKAGE_VERSION ""
| #define PACKAGE_STRING ""
| #define PACKAGE_BUGREPORT ""
| #define STDC_HEADERS 1
| #define HAVE_SYS_TYPES_H 1
| #define HAVE_SYS_STAT_H 1
| #define HAVE_STDLIB_H 1
| #define HAVE_STRING_H 1
| #define HAVE_MEMORY_H 1
| #define HAVE_STRINGS_H 1
| #define HAVE_INTTYPES_H 1
| #define HAVE_STDINT_H 1
| #define HAVE_UNISTD_H 1
| #define __EXTENSIONS__ 1
| #define _ALL_SOURCE 1
| #define _GNU_SOURCE 1
| #define _POSIX_PTHREAD_SEMANTICS 1
| #define _TANDEM_SOURCE 1
| #define STDC_HEADERS 1
| #define HAVE_UNISTD_H 1
| #define HAVE_MEMORY_H 1
| #define HAVE_MATH_H 1
| #define HAVE_STDLIB_H 1
| #define HAVE_SYS_TIMEB_H 1
| #define HAVE_SYS_FCNTL_H 1
| #define HAVE_FCNTL_H 1
| #define HAVE_CTYPE_H 1
| /* end confdefs.h.  */
| #include <machine/endian.h>
configure:4713: result: no
configure:4741: checking for machine/endian.h
configure:4750: result: no
configure:4635: checking sys/resource.h usability
configure:4652: gcc -c -g -O2  conftest.c >&5
configure:4659: $? = 0
configure:4673: result: yes
configure:4677: checking sys/resource.h presence
configure:4692: gcc -E  conftest.c
configure:4699: $? = 0
configure:4713: result: yes
configure:4741: checking for sys/resource.h
configure:4750: result: yes
configure:4784: checking sys/wait.h usability
configure:4801: gcc -c -g -O2  conftest.c >&5
configure:4808: $? = 0
configure:4822: result: yes
configure:4826: checking sys/wait.h presence
configure:4841: gcc -E  conftest.c
configure:4848: $? = 0
configure:4862: result: yes
configure:4890: checking for sys/wait.h
configure:4899: result: yes
configure:4784: checking netinet/in.h usability
configure:4801: gcc -c -g -O2  conftest.c >&5
configure:4808: $? = 0
configure:4822: result: yes
configure:4826: checking netinet/in.h presence
configure:4841: gcc -E  conftest.c
configure:4848: $? = 0
configure:4862: result: yes
configure:4890: checking for netinet/in.h
configure:4899: result: yes
configure:4784: checking netinet/tcp.h usability
configure:4801: gcc -c -g -O2  conftest.c >&5
configure:4808: $? = 0
configure:4822: result: yes
configure:4826: checking netinet/tcp.h presence
configure:4841: gcc -E  conftest.c
configure:4848: $? = 0
configure:4862: result: yes
configure:4890: checking for netinet/tcp.h
configure:4899: result: yes
configure:4784: checking sys/filio.h usability
configure:4801: gcc -c -g -O2  conftest.c >&5
conftest.c:69:23: fatal error: sys/filio.h: No such file or directory
compilation terminated.
configure:4808: $? = 1
configure: failed program was:
| /* confdefs.h.  */
| #define PACKAGE_NAME ""
| #define PACKAGE_TARNAME ""
| #define PACKAGE_VERSION ""
| #define PACKAGE_STRING ""
| #define PACKAGE_BUGREPORT ""
| #define STDC_HEADERS 1
| #define HAVE_SYS_TYPES_H 1
| #define HAVE_SYS_STAT_H 1
| #define HAVE_STDLIB_H 1
| #define HAVE_STRING_H 1
| #define HAVE_MEMORY_H 1
| #define HAVE_STRINGS_H 1
| #define HAVE_INTTYPES_H 1
| #define HAVE_STDINT_H 1
| #define HAVE_UNISTD_H 1
| #define __EXTENSIONS__ 1
| #define _ALL_SOURCE 1
| #define _GNU_SOURCE 1
| #define _POSIX_PTHREAD_SEMANTICS 1
| #define _TANDEM_SOURCE 1
| #define STDC_HEADERS 1
| #define HAVE_UNISTD_H 1
| #define HAVE_MEMORY_H 1
| #define HAVE_MATH_H 1
| #define HAVE_STDLIB_H 1
| #define HAVE_SYS_TIMEB_H 1
| #define HAVE_SYS_FCNTL_H 1
| #define HAVE_FCNTL_H 1
| #define HAVE_CTYPE_H 1
| #define HAVE_SYS_RESOURCE_H 1
| #define HAVE_SYS_WAIT_H 1
| #define HAVE_NETINET_IN_H 1
| #define HAVE_NETINET_TCP_H 1
| /* end confdefs.h.  */
| #include <stdio.h>
| #ifdef HAVE_SYS_TYPES_H
| # include <sys/types.h>
| #endif
| #ifdef HAVE_SYS_STAT_H
| # include <sys/stat.h>
| #endif
| #ifdef STDC_HEADERS
| # include <stdlib.h>
| # include <stddef.h>
| #else
| # ifdef HAVE_STDLIB_H
| #  include <stdlib.h>
| # endif
| #endif
| #ifdef HAVE_STRING_H
| # if !defined STDC_HEADERS && defined HAVE_MEMORY_H
| #  include <memory.h>
| # endif
| # include <string.h>
| #endif
| #ifdef HAVE_STRINGS_H
| # include <strings.h>
| #endif
| #ifdef HAVE_INTTYPES_H
| # include <inttypes.h>
| #endif
| #ifdef HAVE_STDINT_H
| # include <stdint.h>
| #endif
| #ifdef HAVE_UNISTD_H
| # include <unistd.h>
| #endif
| #include <sys/filio.h>
configure:4822: result: no
configure:4826: checking sys/filio.h presence
configure:4841: gcc -E  conftest.c
conftest.c:36:23: fatal error: sys/filio.h: No such file or directory
compilation terminated.
configure:4848: $? = 1
configure: failed program was:
| /* confdefs.h.  */
| #define PACKAGE_NAME ""
| #define PACKAGE_TARNAME ""
| #define PACKAGE_VERSION ""
| #define PACKAGE_STRING ""
| #define PACKAGE_BUGREPORT ""
| #define STDC_HEADERS 1
| #define HAVE_SYS_TYPES_H 1
| #define HAVE_SYS_STAT_H 1
| #define HAVE_STDLIB_H 1
| #define HAVE_STRING_H 1
| #define HAVE_MEMORY_H 1
| #define HAVE_STRINGS_H 1
| #define HAVE_INTTYPES_H 1
| #define HAVE_STDINT_H 1
| #define HAVE_UNISTD_H 1
| #define __EXTENSIONS__ 1
| #define _ALL_SOURCE 1
| #define _GNU_SOURCE 1
| #define _POSIX_PTHREAD_SEMANTICS 1
| #define _TANDEM_SOURCE 1
| #define STDC_HEADERS 1
| #define HAVE_UNISTD_H 1
| #define HAVE_MEMORY_H 1
| #define HAVE_MATH_H 1
| #define HAVE_STDLIB_H 1
| #define HAVE_SYS_TIMEB_H 1
| #define HAVE_SYS_FCNTL_H 1
| #define HAVE_FCNTL_H 1
| #define HAVE_CTYPE_H 1
| #define HAVE_SYS_RESOURCE_H 1
| #define HAVE_SYS_WAIT_H 1
| #define HAVE_NETINET_IN_H 1
| #define HAVE_NETINET_TCP_H 1
| /* end confdefs.h.  */
| #include <sys/filio.h>
configure:4862: result: no
configure:4890: checking for sys/filio.h
configure:4899: result: no
configure:4915: checking for pid_t
configure:4943: gcc -c -g -O2  conftest.c >&5
configure:4950: $? = 0
configure:4977: gcc -c -g -O2  conftest.c >&5
conftest.c: In function 'main':
conftest.c:72:20: error: expected expression before ')' token
configure:4984: $? = 1
configure: failed program was:
| /* confdefs.h.  */
| #define PACKAGE_NAME ""
| #define PACKAGE_TARNAME ""
| #define PACKAGE_VERSION ""
| #define PACKAGE_STRING ""
| #define PACKAGE_BUGREPORT ""
| #define STDC_HEADERS 1
| #define HAVE_SYS_TYPES_H 1
| #define HAVE_SYS_STAT_H 1
| #define HAVE_STDLIB_H 1
| #define HAVE_STRING_H 1
| #define HAVE_MEMORY_H 1
| #define HAVE_STRINGS_H 1
| #define HAVE_INTTYPES_H 1
| #define HAVE_STDINT_H 1
| #define HAVE_UNISTD_H 1
| #define __EXTENSIONS__ 1
| #define _ALL_SOURCE 1
| #define _GNU_SOURCE 1
| #define _POSIX_PTHREAD_SEMANTICS 1
| #define _TANDEM_SOURCE 1
| #define STDC_HEADERS 1
| #define HAVE_UNISTD_H 1
| #define HAVE_MEMORY_H 1
| #define HAVE_MATH_H 1
| #define HAVE_STDLIB_H 1
| #define HAVE_SYS_TIMEB_H 1
| #define HAVE_SYS_FCNTL_H 1
| #define HAVE_FCNTL_H 1
| #define HAVE_CTYPE_H 1
| #define HAVE_SYS_RESOURCE_H 1
| #define HAVE_SYS_WAIT_H 1
| #define HAVE_NETINET_IN_H 1
| #define HAVE_NETINET_TCP_H 1
| /* end confdefs.h.  */
| #include <stdio.h>
| #ifdef HAVE_SYS_TYPES_H
| # include <sys/types.h>
| #endif
| #ifdef HAVE_SYS_STAT_H
| # include <sys/stat.h>
| #endif
| #ifdef STDC_HEADERS
| # include <stdlib.h>
| # include <stddef.h>
| #else
| # ifdef HAVE_STDLIB_H
| #  include <stdlib.h>
| # endif
| #endif
| #ifdef HAVE_STRING_H
| # if !defined STDC_HEADERS && defined HAVE_MEMORY_H
| #  include <memory.h>
| # endif
| # include <string.h>
| #endif
| #ifdef HAVE_STRINGS_H
| # include <strings.h>
| #endif
| #ifdef HAVE_INTTYPES_H
| # include <inttypes.h>
| #endif
| #ifdef HAVE_STDINT_H
| # include <stdint.h>
| #endif
| #ifdef HAVE_UNISTD_H
| # include <unistd.h>
| #endif
| int
| main ()
| {
| if (sizeof ((pid_t)))
| 	  return 0;
|   ;
|   return 0;
| }
configure:5007: result: yes
configure:5019: checking for uid_t in sys/types.h
configure:5042: result: yes
configure:5057: checking for size_t
configure:5085: gcc -c -g -O2  conftest.c >&5
configure:5092: $? = 0
configure:5119: gcc -c -g -O2  conftest.c >&5
conftest.c: In function 'main':
conftest.c:72:21: error: expected expression before ')' token
configure:5126: $? = 1
configure: failed program was:
| /* confdefs.h.  */
| #define PACKAGE_NAME ""
| #define PACKAGE_TARNAME ""
| #define PACKAGE_VERSION ""
| #define PACKAGE_STRING ""
| #define PACKAGE_BUGREPORT ""
| #define STDC_HEADERS 1
| #define HAVE_SYS_TYPES_H 1
| #define HAVE_SYS_STAT_H 1
| #define HAVE_STDLIB_H 1
| #define HAVE_STRING_H 1
| #define HAVE_MEMORY_H 1
| #define HAVE_STRINGS_H 1
| #define HAVE_INTTYPES_H 1
| #define HAVE_STDINT_H 1
| #define HAVE_UNISTD_H 1
| #define __EXTENSIONS__ 1
| #define _ALL_SOURCE 1
| #define _GNU_SOURCE 1
| #define _POSIX_PTHREAD_SEMANTICS 1
| #define _TANDEM_SOURCE 1
| #define STDC_HEADERS 1
| #define HAVE_UNISTD_H 1
| #define HAVE_MEMORY_H 1
| #define HAVE_MATH_H 1
| #define HAVE_STDLIB_H 1
| #define HAVE_SYS_TIMEB_H 1
| #define HAVE_SYS_FCNTL_H 1
| #define HAVE_FCNTL_H 1
| #define HAVE_CTYPE_H 1
| #define HAVE_SYS_RESOURCE_H 1
| #define HAVE_SYS_WAIT_H 1
| #define HAVE_NETINET_IN_H 1
| #define HAVE_NETINET_TCP_H 1
| /* end confdefs.h.  */
| #include <stdio.h>
| #ifdef HAVE_SYS_TYPES_H
| # include <sys/types.h>
| #endif
| #ifdef HAVE_SYS_STAT_H
| # include <sys/stat.h>
| #endif
| #ifdef STDC_HEADERS
| # include <stdlib.h>
| # include <stddef.h>
| #else
| # ifdef HAVE_STDLIB_H
| #  include <stdlib.h>
| # endif
| #endif
| #ifdef HAVE_STRING_H
| # if !defined STDC_HEADERS && defined HAVE_MEMORY_H
| #  include <memory.h>
| # endif
| # include <string.h>
| #endif
| #ifdef HAVE_STRINGS_H
| # include <strings.h>
| #endif
| #ifdef HAVE_INTTYPES_H
| # include <inttypes.h>
| #endif
| #ifdef HAVE_STDINT_H
| # include <stdint.h>
| #endif
| #ifdef HAVE_UNISTD_H
| # include <unistd.h>
| #endif
| int
| main ()
| {
| if (sizeof ((size_t)))
| 	  return 0;
|   ;
|   return 0;
| }
configure:5149: result: yes
configure:5177: checking vfork.h usability
configure:5194: gcc -c -g -O2  conftest.c >&5
conftest.c:69:19: fatal error: vfork.h: No such file or directory
compilation terminated.
configure:5201: $? = 1
configure: failed program was:
| /* confdefs.h.  */
| #define PACKAGE_NAME ""
| #define PACKAGE_TARNAME ""
| #define PACKAGE_VERSION ""
| #define PACKAGE_STRING ""
| #define PACKAGE_BUGREPORT ""
| #define STDC_HEADERS 1
| #define HAVE_SYS_TYPES_H 1
| #define HAVE_SYS_STAT_H 1
| #define HAVE_STDLIB_H 1
| #define HAVE_STRING_H 1
| #define HAVE_MEMORY_H 1
| #define HAVE_STRINGS_H 1
| #define HAVE_INTTYPES_H 1
| #define HAVE_STDINT_H 1
| #define HAVE_UNISTD_H 1
| #define __EXTENSIONS__ 1
| #define _ALL_SOURCE 1
| #define _GNU_SOURCE 1
| #define _POSIX_PTHREAD_SEMANTICS 1
| #define _TANDEM_SOURCE 1
| #define STDC_HEADERS 1
| #define HAVE_UNISTD_H 1
| #define HAVE_MEMORY_H 1
| #define HAVE_MATH_H 1
| #define HAVE_STDLIB_H 1
| #define HAVE_SYS_TIMEB_H 1
| #define HAVE_SYS_FCNTL_H 1
| #define HAVE_FCNTL_H 1
| #define HAVE_CTYPE_H 1
| #define HAVE_SYS_RESOURCE_H 1
| #define HAVE_SYS_WAIT_H 1
| #define HAVE_NETINET_IN_H 1
| #define HAVE_NETINET_TCP_H 1
| /* end confdefs.h.  */
| #include <stdio.h>
| #ifdef HAVE_SYS_TYPES_H
| # include <sys/types.h>
| #endif
| #ifdef HAVE_SYS_STAT_H
| # include <sys/stat.h>
| #endif
| #ifdef STDC_HEADERS
| # include <stdlib.h>
| # include <stddef.h>
| #else
| # ifdef HAVE_STDLIB_H
| #  include <stdlib.h>
| # endif
| #endif
| #ifdef HAVE_STRING_H
| # if !defined STDC_HEADERS && defined HAVE_MEMORY_H
| #  include <memory.h>
| # endif
| # include <string.h>
| #endif
| #ifdef HAVE_STRINGS_H
| # include <strings.h>
| #endif
| #ifdef HAVE_INTTYPES_H
| # include <inttypes.h>
| #endif
| #ifdef HAVE_STDINT_H
| # include <stdint.h>
| #endif
| #ifdef HAVE_UNISTD_H
| # include <unistd.h>
| #endif
| #include <vfork.h>
configure:5215: result: no
configure:5219: checking vfork.h presence
configure:5234: gcc -E  conftest.c
conftest.c:36:19: fatal error: vfork.h: No such file or directory
compilation terminated.
configure:5241: $? = 1
configure: failed program was:
| /* confdefs.h.  */
| #define PACKAGE_NAME ""
| #define PACKAGE_TARNAME ""
| #define PACKAGE_VERSION ""
| #define PACKAGE_STRING ""
| #define PACKAGE_BUGREPORT ""
| #define STDC_HEADERS 1
| #define HAVE_SYS_TYPES_H 1
| #define HAVE_SYS_STAT_H 1
| #define HAVE_STDLIB_H 1
| #define HAVE_STRING_H 1
| #define HAVE_MEMORY_H 1
| #define HAVE_STRINGS_H 1
| #define HAVE_INTTYPES_H 1
| #define HAVE_STDINT_H 1
| #define HAVE_UNISTD_H 1
| #define __EXTENSIONS__ 1
| #define _ALL_SOURCE 1
| #define _GNU_SOURCE 1
| #define _POSIX_PTHREAD_SEMANTICS 1
| #define _TANDEM_SOURCE 1
| #define STDC_HEADERS 1
| #define HAVE_UNISTD_H 1
| #define HAVE_MEMORY_H 1
| #define HAVE_MATH_H 1
| #define HAVE_STDLIB_H 1
| #define HAVE_SYS_TIMEB_H 1
| #define HAVE_SYS_FCNTL_H 1
| #define HAVE_FCNTL_H 1
| #define HAVE_CTYPE_H 1
| #define HAVE_SYS_RESOURCE_H 1
| #define HAVE_SYS_WAIT_H 1
| #define HAVE_NETINET_IN_H 1
| #define HAVE_NETINET_TCP_H 1
| /* end confdefs.h.  */
| #include <vfork.h>
configure:5255: result: no
configure:5283: checking for vfork.h
configure:5292: result: no
configure:5312: checking for fork
configure:5368: gcc -o conftest -g -O2   conftest.c  >&5
conftest.c:59:6: warning: conflicting types for built-in function 'fork' [enabled by default]
configure:5375: $? = 0
configure:5397: result: yes
configure:5312: checking for vfork
configure:5368: gcc -o conftest -g -O2   conftest.c  >&5
configure:5375: $? = 0
configure:5397: result: yes
configure:5410: checking for working fork
configure:5442: gcc -o conftest -g -O2   conftest.c  >&5
configure:5446: $? = 0
configure:5452: ./conftest
configure:5456: $? = 0
configure:5473: result: yes
configure:5494: checking for working vfork
configure:5635: result: yes
configure:5666: checking whether struct tm is in sys/time.h or time.h
configure:5696: gcc -c -g -O2  conftest.c >&5
configure:5703: $? = 0
configure:5718: result: time.h
configure:5729: checking for itimer in time.h
configure:5748: result: no
configure:5758: checking size of long
configure:6063: gcc -o conftest -g -O2   conftest.c  >&5
configure:6067: $? = 0
configure:6073: ./conftest
configure:6077: $? = 0
configure:6103: result: 4
configure:6114: checking for u_int in sys/types.h
configure:6127: result: yes
configure:6139: checking for PATH_MAX in limits.h
configure:6160: result: yes
configure:6171: checking for strcmpi
configure:6227: gcc -o conftest -g -O2   conftest.c  >&5
/tmp/ccMrOykH.o: In function `main':
/home/henry/system/projects/c++/netrek-client-cow-3.3.0/conftest.c:76: undefined reference to `strcmpi'
collect2: error: ld returned 1 exit status
configure:6234: $? = 1
configure: failed program was:
| /* confdefs.h.  */
| #define PACKAGE_NAME ""
| #define PACKAGE_TARNAME ""
| #define PACKAGE_VERSION ""
| #define PACKAGE_STRING ""
| #define PACKAGE_BUGREPORT ""
| #define STDC_HEADERS 1
| #define HAVE_SYS_TYPES_H 1
| #define HAVE_SYS_STAT_H 1
| #define HAVE_STDLIB_H 1
| #define HAVE_STRING_H 1
| #define HAVE_MEMORY_H 1
| #define HAVE_STRINGS_H 1
| #define HAVE_INTTYPES_H 1
| #define HAVE_STDINT_H 1
| #define HAVE_UNISTD_H 1
| #define __EXTENSIONS__ 1
| #define _ALL_SOURCE 1
| #define _GNU_SOURCE 1
| #define _POSIX_PTHREAD_SEMANTICS 1
| #define _TANDEM_SOURCE 1
| #define STDC_HEADERS 1
| #define HAVE_UNISTD_H 1
| #define HAVE_MEMORY_H 1
| #define HAVE_MATH_H 1
| #define HAVE_STDLIB_H 1
| #define HAVE_SYS_TIMEB_H 1
| #define HAVE_SYS_FCNTL_H 1
| #define HAVE_FCNTL_H 1
| #define HAVE_CTYPE_H 1
| #define HAVE_SYS_RESOURCE_H 1
| #define HAVE_SYS_WAIT_H 1
| #define HAVE_NETINET_IN_H 1
| #define HAVE_NETINET_TCP_H 1
| #define HAVE_FORK 1
| #define HAVE_VFORK 1
| #define HAVE_WORKING_VFORK 1
| #define HAVE_WORKING_FORK 1
| #define NEED_SYS_TIME_H 1
| #define SIZEOF_LONG 4
| /* end confdefs.h.  */
| /* Define strcmpi to an innocuous variant, in case <limits.h> declares strcmpi.
|    For example, HP-UX 11i <limits.h> declares gettimeofday.  */
| #define strcmpi innocuous_strcmpi
| 
| /* System header to define __stub macros and hopefully few prototypes,
|     which can conflict with char strcmpi (); below.
|     Prefer <limits.h> to <assert.h> if __STDC__ is defined, since
|     <limits.h> exists even on freestanding compilers.  */
| 
| #ifdef __STDC__
| # include <limits.h>
| #else
| # include <assert.h>
| #endif
| 
| #undef strcmpi
| 
| /* Override any GCC internal prototype to avoid an error.
|    Use char because int might match the return type of a GCC
|    builtin and then its argument prototype would still apply.  */
| #ifdef __cplusplus
| extern "C"
| #endif
| char strcmpi ();
| /* The GNU C library defines this for functions which it implements
|     to always fail with ENOSYS.  Some functions are actually named
|     something starting with __ and the normal name is an alias.  */
| #if defined __stub_strcmpi || defined __stub___strcmpi
| choke me
| #endif
| 
| int
| main ()
| {
| return strcmpi ();
|   ;
|   return 0;
| }
configure:6256: result: no
configure:6171: checking for strncmpi
configure:6227: gcc -o conftest -g -O2   conftest.c  >&5
/tmp/cc7DkssL.o: In function `main':
/home/henry/system/projects/c++/netrek-client-cow-3.3.0/conftest.c:76: undefined reference to `strncmpi'
collect2: error: ld returned 1 exit status
configure:6234: $? = 1
configure: failed program was:
| /* confdefs.h.  */
| #define PACKAGE_NAME ""
| #define PACKAGE_TARNAME ""
| #define PACKAGE_VERSION ""
| #define PACKAGE_STRING ""
| #define PACKAGE_BUGREPORT ""
| #define STDC_HEADERS 1
| #define HAVE_SYS_TYPES_H 1
| #define HAVE_SYS_STAT_H 1
| #define HAVE_STDLIB_H 1
| #define HAVE_STRING_H 1
| #define HAVE_MEMORY_H 1
| #define HAVE_STRINGS_H 1
| #define HAVE_INTTYPES_H 1
| #define HAVE_STDINT_H 1
| #define HAVE_UNISTD_H 1
| #define __EXTENSIONS__ 1
| #define _ALL_SOURCE 1
| #define _GNU_SOURCE 1
| #define _POSIX_PTHREAD_SEMANTICS 1
| #define _TANDEM_SOURCE 1
| #define STDC_HEADERS 1
| #define HAVE_UNISTD_H 1
| #define HAVE_MEMORY_H 1
| #define HAVE_MATH_H 1
| #define HAVE_STDLIB_H 1
| #define HAVE_SYS_TIMEB_H 1
| #define HAVE_SYS_FCNTL_H 1
| #define HAVE_FCNTL_H 1
| #define HAVE_CTYPE_H 1
| #define HAVE_SYS_RESOURCE_H 1
| #define HAVE_SYS_WAIT_H 1
| #define HAVE_NETINET_IN_H 1
| #define HAVE_NETINET_TCP_H 1
| #define HAVE_FORK 1
| #define HAVE_VFORK 1
| #define HAVE_WORKING_VFORK 1
| #define HAVE_WORKING_FORK 1
| #define NEED_SYS_TIME_H 1
| #define SIZEOF_LONG 4
| /* end confdefs.h.  */
| /* Define strncmpi to an innocuous variant, in case <limits.h> declares strncmpi.
|    For example, HP-UX 11i <limits.h> declares gettimeofday.  */
| #define strncmpi innocuous_strncmpi
| 
| /* System header to define __stub macros and hopefully few prototypes,
|     which can conflict with char strncmpi (); below.
|     Prefer <limits.h> to <assert.h> if __STDC__ is defined, since
|     <limits.h> exists even on freestanding compilers.  */
| 
| #ifdef __STDC__
| # include <limits.h>
| #else
| # include <assert.h>
| #endif
| 
| #undef strncmpi
| 
| /* Override any GCC internal prototype to avoid an error.
|    Use char because int might match the return type of a GCC
|    builtin and then its argument prototype would still apply.  */
| #ifdef __cplusplus
| extern "C"
| #endif
| char strncmpi ();
| /* The GNU C library defines this for functions which it implements
|     to always fail with ENOSYS.  Some functions are actually named
|     something starting with __ and the normal name is an alias.  */
| #if defined __stub_strncmpi || defined __stub___strncmpi
| choke me
| #endif
| 
| int
| main ()
| {
| return strncmpi ();
|   ;
|   return 0;
| }
configure:6256: result: no
configure:6273: checking for X
configure:6388: gcc -E  conftest.c
configure:6395: $? = 0
configure:6444: gcc -o conftest -g -O2   conftest.c -lX11  >&5
configure:6451: $? = 0
configure:6513: result: libraries , headers 
configure:6520: checking for main in -lgdi32
configure:6549: gcc -o conftest -g -O2   conftest.c -lgdi32   >&5
/usr/bin/ld: cannot find -lgdi32
collect2: error: ld returned 1 exit status
configure:6556: $? = 1
configure: failed program was:
| /* confdefs.h.  */
| #define PACKAGE_NAME ""
| #define PACKAGE_TARNAME ""
| #define PACKAGE_VERSION ""
| #define PACKAGE_STRING ""
| #define PACKAGE_BUGREPORT ""
| #define STDC_HEADERS 1
| #define HAVE_SYS_TYPES_H 1
| #define HAVE_SYS_STAT_H 1
| #define HAVE_STDLIB_H 1
| #define HAVE_STRING_H 1
| #define HAVE_MEMORY_H 1
| #define HAVE_STRINGS_H 1
| #define HAVE_INTTYPES_H 1
| #define HAVE_STDINT_H 1
| #define HAVE_UNISTD_H 1
| #define __EXTENSIONS__ 1
| #define _ALL_SOURCE 1
| #define _GNU_SOURCE 1
| #define _POSIX_PTHREAD_SEMANTICS 1
| #define _TANDEM_SOURCE 1
| #define STDC_HEADERS 1
| #define HAVE_UNISTD_H 1
| #define HAVE_MEMORY_H 1
| #define HAVE_MATH_H 1
| #define HAVE_STDLIB_H 1
| #define HAVE_SYS_TIMEB_H 1
| #define HAVE_SYS_FCNTL_H 1
| #define HAVE_FCNTL_H 1
| #define HAVE_CTYPE_H 1
| #define HAVE_SYS_RESOURCE_H 1
| #define HAVE_SYS_WAIT_H 1
| #define HAVE_NETINET_IN_H 1
| #define HAVE_NETINET_TCP_H 1
| #define HAVE_FORK 1
| #define HAVE_VFORK 1
| #define HAVE_WORKING_VFORK 1
| #define HAVE_WORKING_FORK 1
| #define NEED_SYS_TIME_H 1
| #define SIZEOF_LONG 4
| /* end confdefs.h.  */
| 
| 
| int
| main ()
| {
| return main ();
|   ;
|   return 0;
| }
configure:6577: result: no
configure:6640: gcc -E  conftest.c
configure:6647: $? = 0
configure:6680: checking for main in -lX11
configure:6709: gcc -o conftest -g -O2   conftest.c -lX11   >&5
configure:6716: $? = 0
configure:6737: result: yes
configure:6842: checking for main in -lXpm
configure:6871: gcc -o conftest -g -O2   conftest.c -lXpm    -lX11 >&5
configure:6878: $? = 0
configure:6899: result: yes
configure:6924: checking X11/xpm.h usability
configure:6941: gcc -c -g -O2  conftest.c >&5
configure:6948: $? = 0
configure:6962: result: yes
configure:6966: checking X11/xpm.h presence
configure:6981: gcc -E  conftest.c
configure:6988: $? = 0
configure:7002: result: yes
configure:7030: checking for X11/xpm.h
configure:7039: result: yes
configure:7077: checking for mp.h
conftest.c:46:16: fatal error: mp.h: No such file or directory
compilation terminated.
configure:7106: result: no
configure:7111: checking for gmp.h
configure:7176: result: yes
configure:7211: checking for main in -lmp
configure:7240: gcc -o conftest -g -O2   conftest.c -lmp    -lXpm -lX11 >&5
/usr/bin/ld: cannot find -lmp
collect2: error: ld returned 1 exit status
configure:7247: $? = 1
configure: failed program was:
| /* confdefs.h.  */
| #define PACKAGE_NAME ""
| #define PACKAGE_TARNAME ""
| #define PACKAGE_VERSION ""
| #define PACKAGE_STRING ""
| #define PACKAGE_BUGREPORT ""
| #define STDC_HEADERS 1
| #define HAVE_SYS_TYPES_H 1
| #define HAVE_SYS_STAT_H 1
| #define HAVE_STDLIB_H 1
| #define HAVE_STRING_H 1
| #define HAVE_MEMORY_H 1
| #define HAVE_STRINGS_H 1
| #define HAVE_INTTYPES_H 1
| #define HAVE_STDINT_H 1
| #define HAVE_UNISTD_H 1
| #define __EXTENSIONS__ 1
| #define _ALL_SOURCE 1
| #define _GNU_SOURCE 1
| #define _POSIX_PTHREAD_SEMANTICS 1
| #define _TANDEM_SOURCE 1
| #define STDC_HEADERS 1
| #define HAVE_UNISTD_H 1
| #define HAVE_MEMORY_H 1
| #define HAVE_MATH_H 1
| #define HAVE_STDLIB_H 1
| #define HAVE_SYS_TIMEB_H 1
| #define HAVE_SYS_FCNTL_H 1
| #define HAVE_FCNTL_H 1
| #define HAVE_CTYPE_H 1
| #define HAVE_SYS_RESOURCE_H 1
| #define HAVE_SYS_WAIT_H 1
| #define HAVE_NETINET_IN_H 1
| #define HAVE_NETINET_TCP_H 1
| #define HAVE_FORK 1
| #define HAVE_VFORK 1
| #define HAVE_WORKING_VFORK 1
| #define HAVE_WORKING_FORK 1
| #define NEED_SYS_TIME_H 1
| #define SIZEOF_LONG 4
| #define HAVE_X11 1
| #define HAVE_XPM 1
| #define HAVE_X11_XPM_H 1
| #define HAVE_GMP2_H 1
| /* end confdefs.h.  */
| 
| 
| int
| main ()
| {
| return main ();
|   ;
|   return 0;
| }
configure:7268: result: no
configure:7276: checking for main in -lgmp
configure:7305: gcc -o conftest -g -O2   conftest.c -lgmp    -lXpm -lX11 >&5
configure:7312: $? = 0
configure:7333: result: yes
configure:7457: checking for main in -lXbsd
configure:7486: gcc -o conftest -g -O2   conftest.c -lXbsd    -lXpm -lX11 >&5
/usr/bin/ld: cannot find -lXbsd
collect2: error: ld returned 1 exit status
configure:7493: $? = 1
configure: failed program was:
| /* confdefs.h.  */
| #define PACKAGE_NAME ""
| #define PACKAGE_TARNAME ""
| #define PACKAGE_VERSION ""
| #define PACKAGE_STRING ""
| #define PACKAGE_BUGREPORT ""
| #define STDC_HEADERS 1
| #define HAVE_SYS_TYPES_H 1
| #define HAVE_SYS_STAT_H 1
| #define HAVE_STDLIB_H 1
| #define HAVE_STRING_H 1
| #define HAVE_MEMORY_H 1
| #define HAVE_STRINGS_H 1
| #define HAVE_INTTYPES_H 1
| #define HAVE_STDINT_H 1
| #define HAVE_UNISTD_H 1
| #define __EXTENSIONS__ 1
| #define _ALL_SOURCE 1
| #define _GNU_SOURCE 1
| #define _POSIX_PTHREAD_SEMANTICS 1
| #define _TANDEM_SOURCE 1
| #define STDC_HEADERS 1
| #define HAVE_UNISTD_H 1
| #define HAVE_MEMORY_H 1
| #define HAVE_MATH_H 1
| #define HAVE_STDLIB_H 1
| #define HAVE_SYS_TIMEB_H 1
| #define HAVE_SYS_FCNTL_H 1
| #define HAVE_FCNTL_H 1
| #define HAVE_CTYPE_H 1
| #define HAVE_SYS_RESOURCE_H 1
| #define HAVE_SYS_WAIT_H 1
| #define HAVE_NETINET_IN_H 1
| #define HAVE_NETINET_TCP_H 1
| #define HAVE_FORK 1
| #define HAVE_VFORK 1
| #define HAVE_WORKING_VFORK 1
| #define HAVE_WORKING_FORK 1
| #define NEED_SYS_TIME_H 1
| #define SIZEOF_LONG 4
| #define HAVE_X11 1
| #define HAVE_XPM 1
| #define HAVE_X11_XPM_H 1
| #define HAVE_GMP2_H 1
| /* end confdefs.h.  */
| 
| 
| int
| main ()
| {
| return main ();
|   ;
|   return 0;
| }
configure:7514: result: no
configure:7522: checking for main in -lsocket
configure:7551: gcc -o conftest -g -O2   conftest.c -lsocket    -lXpm -lX11 >&5
/usr/bin/ld: cannot find -lsocket
collect2: error: ld returned 1 exit status
configure:7558: $? = 1
configure: failed program was:
| /* confdefs.h.  */
| #define PACKAGE_NAME ""
| #define PACKAGE_TARNAME ""
| #define PACKAGE_VERSION ""
| #define PACKAGE_STRING ""
| #define PACKAGE_BUGREPORT ""
| #define STDC_HEADERS 1
| #define HAVE_SYS_TYPES_H 1
| #define HAVE_SYS_STAT_H 1
| #define HAVE_STDLIB_H 1
| #define HAVE_STRING_H 1
| #define HAVE_MEMORY_H 1
| #define HAVE_STRINGS_H 1
| #define HAVE_INTTYPES_H 1
| #define HAVE_STDINT_H 1
| #define HAVE_UNISTD_H 1
| #define __EXTENSIONS__ 1
| #define _ALL_SOURCE 1
| #define _GNU_SOURCE 1
| #define _POSIX_PTHREAD_SEMANTICS 1
| #define _TANDEM_SOURCE 1
| #define STDC_HEADERS 1
| #define HAVE_UNISTD_H 1
| #define HAVE_MEMORY_H 1
| #define HAVE_MATH_H 1
| #define HAVE_STDLIB_H 1
| #define HAVE_SYS_TIMEB_H 1
| #define HAVE_SYS_FCNTL_H 1
| #define HAVE_FCNTL_H 1
| #define HAVE_CTYPE_H 1
| #define HAVE_SYS_RESOURCE_H 1
| #define HAVE_SYS_WAIT_H 1
| #define HAVE_NETINET_IN_H 1
| #define HAVE_NETINET_TCP_H 1
| #define HAVE_FORK 1
| #define HAVE_VFORK 1
| #define HAVE_WORKING_VFORK 1
| #define HAVE_WORKING_FORK 1
| #define NEED_SYS_TIME_H 1
| #define SIZEOF_LONG 4
| #define HAVE_X11 1
| #define HAVE_XPM 1
| #define HAVE_X11_XPM_H 1
| #define HAVE_GMP2_H 1
| /* end confdefs.h.  */
| 
| 
| int
| main ()
| {
| return main ();
|   ;
|   return 0;
| }
configure:7579: result: no
configure:7585: checking for main in -linet
configure:7614: gcc -o conftest -g -O2   conftest.c -linet    -lXpm -lX11 >&5
/usr/bin/ld: cannot find -linet
collect2: error: ld returned 1 exit status
configure:7621: $? = 1
configure: failed program was:
| /* confdefs.h.  */
| #define PACKAGE_NAME ""
| #define PACKAGE_TARNAME ""
| #define PACKAGE_VERSION ""
| #define PACKAGE_STRING ""
| #define PACKAGE_BUGREPORT ""
| #define STDC_HEADERS 1
| #define HAVE_SYS_TYPES_H 1
| #define HAVE_SYS_STAT_H 1
| #define HAVE_STDLIB_H 1
| #define HAVE_STRING_H 1
| #define HAVE_MEMORY_H 1
| #define HAVE_STRINGS_H 1
| #define HAVE_INTTYPES_H 1
| #define HAVE_STDINT_H 1
| #define HAVE_UNISTD_H 1
| #define __EXTENSIONS__ 1
| #define _ALL_SOURCE 1
| #define _GNU_SOURCE 1
| #define _POSIX_PTHREAD_SEMANTICS 1
| #define _TANDEM_SOURCE 1
| #define STDC_HEADERS 1
| #define HAVE_UNISTD_H 1
| #define HAVE_MEMORY_H 1
| #define HAVE_MATH_H 1
| #define HAVE_STDLIB_H 1
| #define HAVE_SYS_TIMEB_H 1
| #define HAVE_SYS_FCNTL_H 1
| #define HAVE_FCNTL_H 1
| #define HAVE_CTYPE_H 1
| #define HAVE_SYS_RESOURCE_H 1
| #define HAVE_SYS_WAIT_H 1
| #define HAVE_NETINET_IN_H 1
| #define HAVE_NETINET_TCP_H 1
| #define HAVE_FORK 1
| #define HAVE_VFORK 1
| #define HAVE_WORKING_VFORK 1
| #define HAVE_WORKING_FORK 1
| #define NEED_SYS_TIME_H 1
| #define SIZEOF_LONG 4
| #define HAVE_X11 1
| #define HAVE_XPM 1
| #define HAVE_X11_XPM_H 1
| #define HAVE_GMP2_H 1
| /* end confdefs.h.  */
| 
| 
| int
| main ()
| {
| return main ();
|   ;
|   return 0;
| }
configure:7642: result: no
configure:7648: checking for main in -lnsl
configure:7677: gcc -o conftest -g -O2   conftest.c -lnsl    -lXpm -lX11 >&5
configure:7684: $? = 0
configure:7705: result: yes
configure:7711: checking for main in -lseq
configure:7740: gcc -o conftest -g -O2   conftest.c -lseq    -lXpm -lX11 -lnsl >&5
/usr/bin/ld: cannot find -lseq
collect2: error: ld returned 1 exit status
configure:7747: $? = 1
configure: failed program was:
| /* confdefs.h.  */
| #define PACKAGE_NAME ""
| #define PACKAGE_TARNAME ""
| #define PACKAGE_VERSION ""
| #define PACKAGE_STRING ""
| #define PACKAGE_BUGREPORT ""
| #define STDC_HEADERS 1
| #define HAVE_SYS_TYPES_H 1
| #define HAVE_SYS_STAT_H 1
| #define HAVE_STDLIB_H 1
| #define HAVE_STRING_H 1
| #define HAVE_MEMORY_H 1
| #define HAVE_STRINGS_H 1
| #define HAVE_INTTYPES_H 1
| #define HAVE_STDINT_H 1
| #define HAVE_UNISTD_H 1
| #define __EXTENSIONS__ 1
| #define _ALL_SOURCE 1
| #define _GNU_SOURCE 1
| #define _POSIX_PTHREAD_SEMANTICS 1
| #define _TANDEM_SOURCE 1
| #define STDC_HEADERS 1
| #define HAVE_UNISTD_H 1
| #define HAVE_MEMORY_H 1
| #define HAVE_MATH_H 1
| #define HAVE_STDLIB_H 1
| #define HAVE_SYS_TIMEB_H 1
| #define HAVE_SYS_FCNTL_H 1
| #define HAVE_FCNTL_H 1
| #define HAVE_CTYPE_H 1
| #define HAVE_SYS_RESOURCE_H 1
| #define HAVE_SYS_WAIT_H 1
| #define HAVE_NETINET_IN_H 1
| #define HAVE_NETINET_TCP_H 1
| #define HAVE_FORK 1
| #define HAVE_VFORK 1
| #define HAVE_WORKING_VFORK 1
| #define HAVE_WORKING_FORK 1
| #define NEED_SYS_TIME_H 1
| #define SIZEOF_LONG 4
| #define HAVE_X11 1
| #define HAVE_XPM 1
| #define HAVE_X11_XPM_H 1
| #define HAVE_GMP2_H 1
| /* end confdefs.h.  */
| 
| 
| int
| main ()
| {
| return main ();
|   ;
|   return 0;
| }
configure:7768: result: no
configure:7774: checking for main in -lsun
configure:7803: gcc -o conftest -g -O2   conftest.c -lsun    -lXpm -lX11 -lnsl >&5
/usr/bin/ld: cannot find -lsun
collect2: error: ld returned 1 exit status
configure:7810: $? = 1
configure: failed program was:
| /* confdefs.h.  */
| #define PACKAGE_NAME ""
| #define PACKAGE_TARNAME ""
| #define PACKAGE_VERSION ""
| #define PACKAGE_STRING ""
| #define PACKAGE_BUGREPORT ""
| #define STDC_HEADERS 1
| #define HAVE_SYS_TYPES_H 1
| #define HAVE_SYS_STAT_H 1
| #define HAVE_STDLIB_H 1
| #define HAVE_STRING_H 1
| #define HAVE_MEMORY_H 1
| #define HAVE_STRINGS_H 1
| #define HAVE_INTTYPES_H 1
| #define HAVE_STDINT_H 1
| #define HAVE_UNISTD_H 1
| #define __EXTENSIONS__ 1
| #define _ALL_SOURCE 1
| #define _GNU_SOURCE 1
| #define _POSIX_PTHREAD_SEMANTICS 1
| #define _TANDEM_SOURCE 1
| #define STDC_HEADERS 1
| #define HAVE_UNISTD_H 1
| #define HAVE_MEMORY_H 1
| #define HAVE_MATH_H 1
| #define HAVE_STDLIB_H 1
| #define HAVE_SYS_TIMEB_H 1
| #define HAVE_SYS_FCNTL_H 1
| #define HAVE_FCNTL_H 1
| #define HAVE_CTYPE_H 1
| #define HAVE_SYS_RESOURCE_H 1
| #define HAVE_SYS_WAIT_H 1
| #define HAVE_NETINET_IN_H 1
| #define HAVE_NETINET_TCP_H 1
| #define HAVE_FORK 1
| #define HAVE_VFORK 1
| #define HAVE_WORKING_VFORK 1
| #define HAVE_WORKING_FORK 1
| #define NEED_SYS_TIME_H 1
| #define SIZEOF_LONG 4
| #define HAVE_X11 1
| #define HAVE_XPM 1
| #define HAVE_X11_XPM_H 1
| #define HAVE_GMP2_H 1
| /* end confdefs.h.  */
| 
| 
| int
| main ()
| {
| return main ();
|   ;
|   return 0;
| }
configure:7831: result: no
configure:7842: checking return type of signal handlers
configure:7870: gcc -c -g -O2  conftest.c >&5
conftest.c: In function 'main':
conftest.c:52:1: error: void value not ignored as it ought to be
configure:7877: $? = 1
configure: failed program was:
| /* confdefs.h.  */
| #define PACKAGE_NAME ""
| #define PACKAGE_TARNAME ""
| #define PACKAGE_VERSION ""
| #define PACKAGE_STRING ""
| #define PACKAGE_BUGREPORT ""
| #define STDC_HEADERS 1
| #define HAVE_SYS_TYPES_H 1
| #define HAVE_SYS_STAT_H 1
| #define HAVE_STDLIB_H 1
| #define HAVE_STRING_H 1
| #define HAVE_MEMORY_H 1
| #define HAVE_STRINGS_H 1
| #define HAVE_INTTYPES_H 1
| #define HAVE_STDINT_H 1
| #define HAVE_UNISTD_H 1
| #define __EXTENSIONS__ 1
| #define _ALL_SOURCE 1
| #define _GNU_SOURCE 1
| #define _POSIX_PTHREAD_SEMANTICS 1
| #define _TANDEM_SOURCE 1
| #define STDC_HEADERS 1
| #define HAVE_UNISTD_H 1
| #define HAVE_MEMORY_H 1
| #define HAVE_MATH_H 1
| #define HAVE_STDLIB_H 1
| #define HAVE_SYS_TIMEB_H 1
| #define HAVE_SYS_FCNTL_H 1
| #define HAVE_FCNTL_H 1
| #define HAVE_CTYPE_H 1
| #define HAVE_SYS_RESOURCE_H 1
| #define HAVE_SYS_WAIT_H 1
| #define HAVE_NETINET_IN_H 1
| #define HAVE_NETINET_TCP_H 1
| #define HAVE_FORK 1
| #define HAVE_VFORK 1
| #define HAVE_WORKING_VFORK 1
| #define HAVE_WORKING_FORK 1
| #define NEED_SYS_TIME_H 1
| #define SIZEOF_LONG 4
| #define HAVE_X11 1
| #define HAVE_XPM 1
| #define HAVE_X11_XPM_H 1
| #define HAVE_GMP2_H 1
| /* end confdefs.h.  */
| #include <sys/types.h>
| #include <signal.h>
| 
| int
| main ()
| {
| return *(signal (0, 0)) (0) == 1;
|   ;
|   return 0;
| }
configure:7892: result: void
configure:7900: checking for sys/wait.h that is POSIX.1 compatible
configure:7958: result: yes
configure:7968: checking for restartable system calls
configure:8034: gcc -o conftest -g -O2   conftest.c   -lXpm -lX11 -lnsl >&5
configure:8038: $? = 0
configure:8044: ./conftest
configure:8048: $? = 0
configure:8065: result: yes
configure:8075: checking for signals style
configure:8114: gcc -o conftest -g -O2   conftest.c   -lXpm -lX11 -lnsl >&5
conftest.c: In function 'main':
conftest.c:56:1: warning: passing argument 2 of 'signal' from incompatible pointer type [enabled by default]
In file included from conftest.c:50:0:
/usr/include/signal.h:101:23: note: expected '__sighandler_t' but argument is of type 'int (*)()'
conftest.c:64:1: warning: incompatible implicit declaration of built-in function 'exit' [enabled by default]
configure:8118: $? = 0
configure:8124: ./conftest
configure:8128: $? = 0
configure:8145: result: BSD
configure:8271: checking for usleep
configure:8327: gcc -o conftest -g -O2   conftest.c   -lXpm -lX11 -lnsl >&5
configure:8334: $? = 0
configure:8356: result: yes
configure:8271: checking for random
configure:8327: gcc -o conftest -g -O2   conftest.c   -lXpm -lX11 -lnsl >&5
configure:8334: $? = 0
configure:8356: result: yes
configure:8271: checking for setstate
configure:8327: gcc -o conftest -g -O2   conftest.c   -lXpm -lX11 -lnsl >&5
configure:8334: $? = 0
configure:8356: result: yes
configure:8271: checking for strftime
configure:8327: gcc -o conftest -g -O2   conftest.c   -lXpm -lX11 -lnsl >&5
conftest.c:76:6: warning: conflicting types for built-in function 'strftime' [enabled by default]
configure:8334: $? = 0
configure:8356: result: yes
configure:8271: checking for ftime
configure:8327: gcc -o conftest -g -O2   conftest.c   -lXpm -lX11 -lnsl >&5
configure:8334: $? = 0
configure:8356: result: yes
configure:8369: checking for main in -lm
configure:8398: gcc -o conftest -g -O2   conftest.c -lm    -lXpm -lX11 -lnsl >&5
configure:8405: $? = 0
configure:8426: result: yes
configure:8436: checking for nint
configure:8492: gcc -o conftest -g -O2   conftest.c   -lXpm -lX11 -lnsl -lm >&5
/tmp/ccOX1Ffv.o: In function `main':
/home/henry/system/projects/c++/netrek-client-cow-3.3.0/conftest.c:89: undefined reference to `nint'
collect2: error: ld returned 1 exit status
configure:8499: $? = 1
configure: failed program was:
| /* confdefs.h.  */
| #define PACKAGE_NAME ""
| #define PACKAGE_TARNAME ""
| #define PACKAGE_VERSION ""
| #define PACKAGE_STRING ""
| #define PACKAGE_BUGREPORT ""
| #define STDC_HEADERS 1
| #define HAVE_SYS_TYPES_H 1
| #define HAVE_SYS_STAT_H 1
| #define HAVE_STDLIB_H 1
| #define HAVE_STRING_H 1
| #define HAVE_MEMORY_H 1
| #define HAVE_STRINGS_H 1
| #define HAVE_INTTYPES_H 1
| #define HAVE_STDINT_H 1
| #define HAVE_UNISTD_H 1
| #define __EXTENSIONS__ 1
| #define _ALL_SOURCE 1
| #define _GNU_SOURCE 1
| #define _POSIX_PTHREAD_SEMANTICS 1
| #define _TANDEM_SOURCE 1
| #define STDC_HEADERS 1
| #define HAVE_UNISTD_H 1
| #define HAVE_MEMORY_H 1
| #define HAVE_MATH_H 1
| #define HAVE_STDLIB_H 1
| #define HAVE_SYS_TIMEB_H 1
| #define HAVE_SYS_FCNTL_H 1
| #define HAVE_FCNTL_H 1
| #define HAVE_CTYPE_H 1
| #define HAVE_SYS_RESOURCE_H 1
| #define HAVE_SYS_WAIT_H 1
| #define HAVE_NETINET_IN_H 1
| #define HAVE_NETINET_TCP_H 1
| #define HAVE_FORK 1
| #define HAVE_VFORK 1
| #define HAVE_WORKING_VFORK 1
| #define HAVE_WORKING_FORK 1
| #define NEED_SYS_TIME_H 1
| #define SIZEOF_LONG 4
| #define HAVE_X11 1
| #define HAVE_XPM 1
| #define HAVE_X11_XPM_H 1
| #define HAVE_GMP2_H 1
| #define RETSIGTYPE void
| #define HAVE_SYS_WAIT_H 1
| #define HAVE_RESTARTABLE_SYSCALLS 1
| #define BSD_SIGNALS 1
| #define HAVE_USLEEP 1
| #define HAVE_RANDOM 1
| #define HAVE_SETSTATE 1
| #define HAVE_STRFTIME 1
| #define HAVE_FTIME 1
| /* end confdefs.h.  */
| /* Define nint to an innocuous variant, in case <limits.h> declares nint.
|    For example, HP-UX 11i <limits.h> declares gettimeofday.  */
| #define nint innocuous_nint
| 
| /* System header to define __stub macros and hopefully few prototypes,
|     which can conflict with char nint (); below.
|     Prefer <limits.h> to <assert.h> if __STDC__ is defined, since
|     <limits.h> exists even on freestanding compilers.  */
| 
| #ifdef __STDC__
| # include <limits.h>
| #else
| # include <assert.h>
| #endif
| 
| #undef nint
| 
| /* Override any GCC internal prototype to avoid an error.
|    Use char because int might match the return type of a GCC
|    builtin and then its argument prototype would still apply.  */
| #ifdef __cplusplus
| extern "C"
| #endif
| char nint ();
| /* The GNU C library defines this for functions which it implements
|     to always fail with ENOSYS.  Some functions are actually named
|     something starting with __ and the normal name is an alias.  */
| #if defined __stub_nint || defined __stub___nint
| choke me
| #endif
| 
| int
| main ()
| {
| return nint ();
|   ;
|   return 0;
| }
configure:8521: result: no
configure:8561: checking for usleep
configure:8646: result: yes
configure:8561: checking for setstate
configure:8646: result: yes
configure:8561: checking for strdup
configure:8617: gcc -o conftest -g -O2   conftest.c   -lXpm -lX11 -lnsl -lm >&5
conftest.c:80:6: warning: conflicting types for built-in function 'strdup' [enabled by default]
configure:8624: $? = 0
configure:8646: result: yes
configure:8561: checking for rint
configure:8617: gcc -o conftest -g -O2   conftest.c   -lXpm -lX11 -lnsl -lm >&5
conftest.c:81:6: warning: conflicting types for built-in function 'rint' [enabled by default]
configure:8624: $? = 0
configure:8646: result: yes
configure:8717: checking for sdl-config
configure:8735: found /usr/bin/sdl-config
configure:8748: result: /usr/bin/sdl-config
configure:8757: checking for SDL - version >= 1.2.4
configure:8854: gcc -o conftest -g -O2 -I/usr/include/SDL -D_GNU_SOURCE=1 -D_REENTRANT   conftest.c   -lXpm -lX11 -lnsl -lm -L/usr/lib/i386-linux-gnu -lSDL >&5
configure:8858: $? = 0
configure:8864: ./conftest
configure:8868: $? = 0
configure:8890: result: yes
configure:9002: checking for Mix_OpenAudio in -lSDL_mixer
configure:9037: gcc -o conftest -g -O2   conftest.c -lSDL_mixer    -lXpm -lX11 -lnsl -lm >&5
configure:9044: $? = 0
configure:9065: result: yes
configure:9079: checking whether make sets $(MAKE)
configure:9101: result: yes
configure:9110: checking for a thread-safe mkdir -p
configure:9149: result: /bin/mkdir -p
configure:9159: checking whether NLS is requested
configure:9168: result: yes
configure:9209: checking for msgfmt
configure: trying /usr/bin/msgfmt...
0 translated messages.
configure:9241: result: /usr/bin/msgfmt
configure:9250: checking for gmsgfmt
configure:9281: result: /usr/bin/msgfmt
configure:9332: checking for xgettext
configure: trying /usr/bin/xgettext...
/usr/bin/xgettext: warning: file `/dev/null' extension `' is unknown; will try C
configure:9364: result: /usr/bin/xgettext
configure:9410: checking for msgmerge
configure: trying /usr/bin/msgmerge...
configure:9441: result: /usr/bin/msgmerge
configure:9498: checking for ld used by GCC
configure:9562: result: /usr/bin/ld
configure:9571: checking if the linker (/usr/bin/ld) is GNU ld
configure:9584: result: yes
configure:9591: checking for shared library run path origin
configure:9604: result: done
configure:10105: checking for CFPreferencesCopyAppValue
configure:10133: gcc -o conftest -g -O2   conftest.c   -lXpm -lX11 -lnsl -lm -Wl,-framework -Wl,CoreFoundation >&5
conftest.c:60:42: fatal error: CoreFoundation/CFPreferences.h: No such file or directory
compilation terminated.
configure:10140: $? = 1
configure: failed program was:
| /* confdefs.h.  */
| #define PACKAGE_NAME ""
| #define PACKAGE_TARNAME ""
| #define PACKAGE_VERSION ""
| #define PACKAGE_STRING ""
| #define PACKAGE_BUGREPORT ""
| #define STDC_HEADERS 1
| #define HAVE_SYS_TYPES_H 1
| #define HAVE_SYS_STAT_H 1
| #define HAVE_STDLIB_H 1
| #define HAVE_STRING_H 1
| #define HAVE_MEMORY_H 1
| #define HAVE_STRINGS_H 1
| #define HAVE_INTTYPES_H 1
| #define HAVE_STDINT_H 1
| #define HAVE_UNISTD_H 1
| #define __EXTENSIONS__ 1
| #define _ALL_SOURCE 1
| #define _GNU_SOURCE 1
| #define _POSIX_PTHREAD_SEMANTICS 1
| #define _TANDEM_SOURCE 1
| #define STDC_HEADERS 1
| #define HAVE_UNISTD_H 1
| #define HAVE_MEMORY_H 1
| #define HAVE_MATH_H 1
| #define HAVE_STDLIB_H 1
| #define HAVE_SYS_TIMEB_H 1
| #define HAVE_SYS_FCNTL_H 1
| #define HAVE_FCNTL_H 1
| #define HAVE_CTYPE_H 1
| #define HAVE_SYS_RESOURCE_H 1
| #define HAVE_SYS_WAIT_H 1
| #define HAVE_NETINET_IN_H 1
| #define HAVE_NETINET_TCP_H 1
| #define HAVE_FORK 1
| #define HAVE_VFORK 1
| #define HAVE_WORKING_VFORK 1
| #define HAVE_WORKING_FORK 1
| #define NEED_SYS_TIME_H 1
| #define SIZEOF_LONG 4
| #define HAVE_X11 1
| #define HAVE_XPM 1
| #define HAVE_X11_XPM_H 1
| #define HAVE_GMP2_H 1
| #define RETSIGTYPE void
| #define HAVE_SYS_WAIT_H 1
| #define HAVE_RESTARTABLE_SYSCALLS 1
| #define BSD_SIGNALS 1
| #define HAVE_USLEEP 1
| #define HAVE_RANDOM 1
| #define HAVE_SETSTATE 1
| #define HAVE_STRFTIME 1
| #define HAVE_FTIME 1
| #define HAVE_USLEEP 1
| #define HAVE_SETSTATE 1
| #define HAVE_STRDUP 1
| #define HAVE_RINT 1
| #define HAVE_SDL 1
| /* end confdefs.h.  */
| #include <CoreFoundation/CFPreferences.h>
| int
| main ()
| {
| CFPreferencesCopyAppValue(NULL, NULL)
|   ;
|   return 0;
| }
configure:10161: result: no
configure:10170: checking for CFLocaleCopyCurrent
configure:10198: gcc -o conftest -g -O2   conftest.c   -lXpm -lX11 -lnsl -lm -Wl,-framework -Wl,CoreFoundation >&5
conftest.c:60:37: fatal error: CoreFoundation/CFLocale.h: No such file or directory
compilation terminated.
configure:10205: $? = 1
configure: failed program was:
| /* confdefs.h.  */
| #define PACKAGE_NAME ""
| #define PACKAGE_TARNAME ""
| #define PACKAGE_VERSION ""
| #define PACKAGE_STRING ""
| #define PACKAGE_BUGREPORT ""
| #define STDC_HEADERS 1
| #define HAVE_SYS_TYPES_H 1
| #define HAVE_SYS_STAT_H 1
| #define HAVE_STDLIB_H 1
| #define HAVE_STRING_H 1
| #define HAVE_MEMORY_H 1
| #define HAVE_STRINGS_H 1
| #define HAVE_INTTYPES_H 1
| #define HAVE_STDINT_H 1
| #define HAVE_UNISTD_H 1
| #define __EXTENSIONS__ 1
| #define _ALL_SOURCE 1
| #define _GNU_SOURCE 1
| #define _POSIX_PTHREAD_SEMANTICS 1
| #define _TANDEM_SOURCE 1
| #define STDC_HEADERS 1
| #define HAVE_UNISTD_H 1
| #define HAVE_MEMORY_H 1
| #define HAVE_MATH_H 1
| #define HAVE_STDLIB_H 1
| #define HAVE_SYS_TIMEB_H 1
| #define HAVE_SYS_FCNTL_H 1
| #define HAVE_FCNTL_H 1
| #define HAVE_CTYPE_H 1
| #define HAVE_SYS_RESOURCE_H 1
| #define HAVE_SYS_WAIT_H 1
| #define HAVE_NETINET_IN_H 1
| #define HAVE_NETINET_TCP_H 1
| #define HAVE_FORK 1
| #define HAVE_VFORK 1
| #define HAVE_WORKING_VFORK 1
| #define HAVE_WORKING_FORK 1
| #define NEED_SYS_TIME_H 1
| #define SIZEOF_LONG 4
| #define HAVE_X11 1
| #define HAVE_XPM 1
| #define HAVE_X11_XPM_H 1
| #define HAVE_GMP2_H 1
| #define RETSIGTYPE void
| #define HAVE_SYS_WAIT_H 1
| #define HAVE_RESTARTABLE_SYSCALLS 1
| #define BSD_SIGNALS 1
| #define HAVE_USLEEP 1
| #define HAVE_RANDOM 1
| #define HAVE_SETSTATE 1
| #define HAVE_STRFTIME 1
| #define HAVE_FTIME 1
| #define HAVE_USLEEP 1
| #define HAVE_SETSTATE 1
| #define HAVE_STRDUP 1
| #define HAVE_RINT 1
| #define HAVE_SDL 1
| /* end confdefs.h.  */
| #include <CoreFoundation/CFLocale.h>
| int
| main ()
| {
| CFLocaleCopyCurrent();
|   ;
|   return 0;
| }
configure:10226: result: no
configure:10277: checking for GNU gettext in libc
configure:10307: gcc -o conftest -g -O2   conftest.c   -lXpm -lX11 -lnsl -lm >&5
configure:10314: $? = 0
configure:10336: result: yes
configure:11240: checking whether to use NLS
configure:11242: result: yes
configure:11245: checking where the gettext function comes from
configure:11256: result: libc
configure:11428: creating ./config.status

## ---------------------- ##
## Running config.status. ##
## ---------------------- ##

This file was extended by config.status, which was
generated by GNU Autoconf 2.63.  Invocation command line was

  CONFIG_FILES    = 
  CONFIG_HEADERS  = 
  CONFIG_LINKS    = 
  CONFIG_COMMANDS = 
  $ ./config.status 

on einstein

config.status:840: creating system.mk
config.status:840: creating key.mk
config.status:840: creating po/Makefile.in
config.status:840: creating config.h
config.status:1080: executing po-directories commands

## ---------------- ##
## Cache variables. ##
## ---------------- ##

ac_cv_build=i686-pc-linux-gnu
ac_cv_c_compiler_gnu=yes
ac_cv_c_inline=inline
ac_cv_env_CC_set=
ac_cv_env_CC_value=
ac_cv_env_CFLAGS_set=
ac_cv_env_CFLAGS_value=
ac_cv_env_CPPFLAGS_set=
ac_cv_env_CPPFLAGS_value=
ac_cv_env_CPP_set=
ac_cv_env_CPP_value=
ac_cv_env_LDFLAGS_set=
ac_cv_env_LDFLAGS_value=
ac_cv_env_LIBS_set=
ac_cv_env_LIBS_value=
ac_cv_env_XMKMF_set=
ac_cv_env_XMKMF_value=
ac_cv_env_build_alias_set=
ac_cv_env_build_alias_value=
ac_cv_env_host_alias_set=
ac_cv_env_host_alias_value=
ac_cv_env_target_alias_set=
ac_cv_env_target_alias_value=
ac_cv_func_fork=yes
ac_cv_func_fork_works=yes
ac_cv_func_ftime=yes
ac_cv_func_nint=no
ac_cv_func_random=yes
ac_cv_func_rint=yes
ac_cv_func_setstate=yes
ac_cv_func_strcmpi=no
ac_cv_func_strdup=yes
ac_cv_func_strftime=yes
ac_cv_func_strncmpi=no
ac_cv_func_usleep=yes
ac_cv_func_vfork=yes
ac_cv_func_vfork_works=yes
ac_cv_have_x='have_x=yes	ac_x_includes='\'''\''	ac_x_libraries='\'''\'''
ac_cv_header_X11_xpm_h=yes
ac_cv_header_ctype_h=yes
ac_cv_header_fcntl_h=yes
ac_cv_header_inttypes_h=yes
ac_cv_header_machine_endian_h=no
ac_cv_header_math_h=yes
ac_cv_header_memory_h=yes
ac_cv_header_minix_config_h=no
ac_cv_header_netinet_in_h=yes
ac_cv_header_netinet_tcp_h=yes
ac_cv_header_stdc=yes
ac_cv_header_stdint_h=yes
ac_cv_header_stdlib_h=yes
ac_cv_header_string_h=yes
ac_cv_header_strings_h=yes
ac_cv_header_sys_fcntl_h=yes
ac_cv_header_sys_filio_h=no
ac_cv_header_sys_ptyio_h=no
ac_cv_header_sys_resource_h=yes
ac_cv_header_sys_stat_h=yes
ac_cv_header_sys_timeb_h=yes
ac_cv_header_sys_types_h=yes
ac_cv_header_sys_wait_h=yes
ac_cv_header_unistd_h=yes
ac_cv_header_vfork_h=no
ac_cv_host=i686-pc-linux-gnu
ac_cv_lib_SDL_mixer_Mix_OpenAudio=yes
ac_cv_lib_X11_main=yes
ac_cv_lib_Xbsd_main=no
ac_cv_lib_Xpm_main=yes
ac_cv_lib_gdi32_main=no
ac_cv_lib_gmp_main=yes
ac_cv_lib_inet_main=no
ac_cv_lib_m_main=yes
ac_cv_lib_mp_main=no
ac_cv_lib_nsl_main=yes
ac_cv_lib_seq_main=no
ac_cv_lib_socket_main=no
ac_cv_lib_sun_main=no
ac_cv_objext=o
ac_cv_path_EGREP='/bin/grep -E'
ac_cv_path_GMSGFMT=/usr/bin/msgfmt
ac_cv_path_GREP=/bin/grep
ac_cv_path_MSGFMT=/usr/bin/msgfmt
ac_cv_path_MSGMERGE=/usr/bin/msgmerge
ac_cv_path_SDL_CONFIG=/usr/bin/sdl-config
ac_cv_path_XGETTEXT=/usr/bin/xgettext
ac_cv_path_install='/usr/bin/install -c'
ac_cv_path_mkdir=/bin/mkdir
ac_cv_prog_CPP='gcc -E'
ac_cv_prog_ac_ct_CC=gcc
ac_cv_prog_cc_c89=
ac_cv_prog_cc_g=yes
ac_cv_prog_make_make_set=yes
ac_cv_safe_to_define___extensions__=yes
ac_cv_sizeof_long=4
ac_cv_struct_tm=time.h
ac_cv_sys_restartable_syscalls=yes
ac_cv_target=i686-pc-linux-gnu
ac_cv_type_pid_t=yes
ac_cv_type_signal=void
ac_cv_type_size_t=yes
ac_cv_type_uid_t=yes
acl_cv_path_LD=/usr/bin/ld
acl_cv_prog_gnu_ld=yes
acl_cv_rpath=done
cow_cv_signals_type=BSD
gt_cv_func_CFLocaleCopyCurrent=no
gt_cv_func_CFPreferencesCopyAppValue=no
gt_cv_func_gnugettext1_libc=yes

## ----------------- ##
## Output variables. ##
## ----------------- ##

CC='gcc'
CFLAGS='-g -O2'
CPP='gcc -E'
CPPFLAGS=''
DEFS='-DHAVE_CONFIG_H'
ECHO_C=''
ECHO_N='-n'
ECHO_T=''
EGREP='/bin/grep -E'
EXEEXT=''
GETTEXT_MACRO_VERSION='0.17'
GMSGFMT='/usr/bin/msgfmt'
GMSGFMT_015='/usr/bin/msgfmt'
GREP='/bin/grep'
HAVE_SDL_FALSE='#'
HAVE_SDL_TRUE=''
INCS=' '
INSTALL_DATA='${INSTALL} -m 644'
INSTALL_PROGRAM='${INSTALL}'
INSTALL_SCRIPT='${INSTALL}'
INTLLIBS=''
INTL_MACOSX_LIBS=''
KEYDEF='sample_key.def'
LDFLAGS=''
LIBICONV='-liconv'
LIBINTL=''
LIBOBJS=''
LIBS='  -lXpm -lX11 -lnsl -lm'
LN_S='ln -s'
LTLIBICONV='-liconv'
LTLIBINTL=''
LTLIBOBJS=''
MKDIR_P='/bin/mkdir -p'
MPINC=''
MPLIB='  -lgmp'
MSGFMT='/usr/bin/msgfmt'
MSGFMT_015='/usr/bin/msgfmt'
MSGMERGE='/usr/bin/msgmerge'
NORSA=''
NOWIN32='#'
NOX11=''
OBJEXT='o'
PACKAGE_BUGREPORT=''
PACKAGE_NAME=''
PACKAGE_STRING=''
PACKAGE_TARNAME=''
PACKAGE_VERSION=''
PATH_SEPARATOR=':'
POSUB='po'
RSAINC=''
RSALIB=''
SDL_CFLAGS='-I/usr/include/SDL -D_GNU_SOURCE=1 -D_REENTRANT'
SDL_CONFIG='/usr/bin/sdl-config'
SDL_LIBS='-L/usr/lib/i386-linux-gnu -lSDL'
SDL_MIXER_LIBS='-lSDL_mixer'
SET_MAKE=''
SHELL='/bin/bash'
USE_NLS='yes'
XGETTEXT='/usr/bin/xgettext'
XGETTEXT_015='/usr/bin/xgettext'
XGETTEXT_EXTRA_OPTIONS=''
XMKMF=''
ac_ct_CC='gcc'
bindir='${exec_prefix}/bin'
build='i686-pc-linux-gnu'
build_alias=''
build_cpu='i686'
build_os='linux-gnu'
build_vendor='pc'
datadir='${datarootdir}'
datarootdir='${prefix}/share'
docdir='${datarootdir}/doc/${PACKAGE}'
dvidir='${docdir}'
exec_prefix='${prefix}'
host='i686-pc-linux-gnu'
host_alias=''
host_cpu='i686'
host_os='linux-gnu'
host_vendor='pc'
htmldir='${docdir}'
includedir='${prefix}/include'
infodir='${datarootdir}/info'
libdir='${exec_prefix}/lib'
libexecdir='${exec_prefix}/libexec'
localedir='${datarootdir}/locale'
localstatedir='${prefix}/var'
mandir='${datarootdir}/man'
mkdir_p='/bin/mkdir -p'
oldincludedir='/usr/include'
pdfdir='${docdir}'
prefix='/usr/local'
program_transform_name='s,x,x,'
psdir='${docdir}'
sbindir='${exec_prefix}/sbin'
sharedstatedir='${prefix}/com'
stable='nope'
sysconfdir='${prefix}/etc'
target='i686-pc-linux-gnu'
target_alias=''
target_cpu='i686'
target_os='linux-gnu'
target_vendor='pc'

## ----------- ##
## confdefs.h. ##
## ----------- ##

#define PACKAGE_NAME ""
#define PACKAGE_TARNAME ""
#define PACKAGE_VERSION ""
#define PACKAGE_STRING ""
#define PACKAGE_BUGREPORT ""
#define STDC_HEADERS 1
#define HAVE_SYS_TYPES_H 1
#define HAVE_SYS_STAT_H 1
#define HAVE_STDLIB_H 1
#define HAVE_STRING_H 1
#define HAVE_MEMORY_H 1
#define HAVE_STRINGS_H 1
#define HAVE_INTTYPES_H 1
#define HAVE_STDINT_H 1
#define HAVE_UNISTD_H 1
#define __EXTENSIONS__ 1
#define _ALL_SOURCE 1
#define _GNU_SOURCE 1
#define _POSIX_PTHREAD_SEMANTICS 1
#define _TANDEM_SOURCE 1
#define STDC_HEADERS 1
#define HAVE_UNISTD_H 1
#define HAVE_MEMORY_H 1
#define HAVE_MATH_H 1
#define HAVE_STDLIB_H 1
#define HAVE_SYS_TIMEB_H 1
#define HAVE_SYS_FCNTL_H 1
#define HAVE_FCNTL_H 1
#define HAVE_CTYPE_H 1
#define HAVE_SYS_RESOURCE_H 1
#define HAVE_SYS_WAIT_H 1
#define HAVE_NETINET_IN_H 1
#define HAVE_NETINET_TCP_H 1
#define HAVE_FORK 1
#define HAVE_VFORK 1
#define HAVE_WORKING_VFORK 1
#define HAVE_WORKING_FORK 1
#define NEED_SYS_TIME_H 1
#define SIZEOF_LONG 4
#define HAVE_X11 1
#define HAVE_XPM 1
#define HAVE_X11_XPM_H 1
#define HAVE_GMP2_H 1
#define RETSIGTYPE void
#define HAVE_SYS_WAIT_H 1
#define HAVE_RESTARTABLE_SYSCALLS 1
#define BSD_SIGNALS 1
#define HAVE_USLEEP 1
#define HAVE_RANDOM 1
#define HAVE_SETSTATE 1
#define HAVE_STRFTIME 1
#define HAVE_FTIME 1
#define HAVE_USLEEP 1
#define HAVE_SETSTATE 1
#define HAVE_STRDUP 1
#define HAVE_RINT 1
#define HAVE_SDL 1
#define ENABLE_NLS 1
#define HAVE_GETTEXT 1
#define HAVE_DCGETTEXT 1

configure: exit 0
